<?xml version="1.0" encoding="UTF-8"?>
<testng-results ignored="0" total="1" passed="1" failed="0" skipped="0">
  <reporter-output>
  </reporter-output>
  <suite started-at="2024-08-20T00:16:46 EDT" name="Retirement Calculator Suite" finished-at="2024-08-20T00:17:04 EDT" duration-ms="17685">
    <groups>
    </groups>
    <test started-at="2024-08-20T00:16:46 EDT" name="Retirement Calculator Tests" finished-at="2024-08-20T00:17:04 EDT" duration-ms="17685">
      <class name="com.demo.selenium.test.RetirementCalculatorTest">
        <test-method is-config="true" signature="setUp()[pri:0, instance:com.demo.selenium.test.RetirementCalculatorTest@3e62d773]" started-at="2024-08-20T00:16:46 EDT" name="setUp" finished-at="2024-08-20T00:16:49 EDT" duration-ms="3252" status="PASS">
          <reporter-output>
          </reporter-output>
        </test-method> <!-- setUp -->
        <test-method signature="testRetirementCalculator()[pri:0, instance:com.demo.selenium.test.RetirementCalculatorTest@3e62d773]" started-at="2024-08-20T00:16:49 EDT" name="testRetirementCalculator" finished-at="2024-08-20T00:17:03 EDT" duration-ms="13438" status="PASS">
          <reporter-output>
          </reporter-output>
        </test-method> <!-- testRetirementCalculator -->
        <test-method is-config="true" signature="tearDown()[pri:0, instance:com.demo.selenium.test.RetirementCalculatorTest@3e62d773]" started-at="2024-08-20T00:17:03 EDT" name="tearDown" finished-at="2024-08-20T00:17:04 EDT" duration-ms="907" status="PASS">
          <reporter-output>
          </reporter-output>
        </test-method> <!-- tearDown -->
      </class> <!-- com.demo.selenium.test.RetirementCalculatorTest -->
    </test> <!-- Retirement Calculator Tests -->
  </suite> <!-- Retirement Calculator Suite -->
</testng-results>
